build/app/intermediates/manifest_merge_blame_file/release/manifest-merger-blame-release-report.txt
1<?xml version="1.0" encoding="utf-8"?>
2<manifest xmlns:android="http://schemas.android.com/apk/res/android"
3    package="com.gbsyam.swathyavardhak"
4    android:versionCode="1"
5    android:versionName="1.0.0" >
6
7    <uses-sdk
8        android:minSdkVersion="19"
8-->src\main\AndroidManifest.xml
9        android:targetSdkVersion="33" />
9-->src\main\AndroidManifest.xml
10
11    <uses-permission android:name="android.permission.READ_EXTERNAL_STORAGE" />
11-->[:file_picker] AndroidManifest.xml:9:5-80
11-->[:file_picker] AndroidManifest.xml:9:22-77
12
13    <queries>
13-->[:file_picker] AndroidManifest.xml:11:5-17:15
14        <intent>
14-->[:file_picker] AndroidManifest.xml:12:9-16:18
15            <action android:name="android.intent.action.GET_CONTENT" />
15-->[:file_picker] AndroidManifest.xml:13:13-72
15-->[:file_picker] AndroidManifest.xml:13:21-69
16
17            <data android:mimeType="*/*" />
17-->[:file_picker] AndroidManifest.xml:15:13-44
17-->[:file_picker] AndroidManifest.xml:15:19-41
18        </intent>
19    </queries>
20
21    <uses-permission android:name="android.permission.INTERNET" />
21-->[:google_sign_in_android] AndroidManifest.xml:9:5-67
21-->[:google_sign_in_android] AndroidManifest.xml:9:22-64
22    <uses-permission android:name="android.permission.ACCESS_NETWORK_STATE" />
22-->[com.google.firebase:firebase-auth:22.1.0] AndroidManifest.xml:26:5-79
22-->[com.google.firebase:firebase-auth:22.1.0] AndroidManifest.xml:26:22-76
23
24    <permission
24-->[androidx.core:core:1.10.1] AndroidManifest.xml:22:5-24:47
25        android:name="com.gbsyam.swathyavardhak.DYNAMIC_RECEIVER_NOT_EXPORTED_PERMISSION"
25-->[androidx.core:core:1.10.1] AndroidManifest.xml:23:9-81
26        android:protectionLevel="signature" />
26-->[androidx.core:core:1.10.1] AndroidManifest.xml:24:9-44
27
28    <uses-permission android:name="com.gbsyam.swathyavardhak.DYNAMIC_RECEIVER_NOT_EXPORTED_PERMISSION" />
28-->[androidx.core:core:1.10.1] AndroidManifest.xml:26:5-97
28-->[androidx.core:core:1.10.1] AndroidManifest.xml:26:22-94
29
30    <application
31        android:name="android.app.Application"
31-->src\main\AndroidManifest.xml:6:9-42
32        android:appComponentFactory="androidx.core.app.CoreComponentFactory"
32-->[androidx.core:core:1.10.1] AndroidManifest.xml:28:18-86
33        android:icon="@mipmap/ic_launcher"
33-->src\main\AndroidManifest.xml:7:9-43
34        android:label="Suvarna" >
34-->src\main\AndroidManifest.xml:5:9-32
35        <activity
35-->src\main\AndroidManifest.xml:8:9-29:20
36            android:name="com.gbsyam.swathyavardhak.MainActivity"
36-->src\main\AndroidManifest.xml:9:13-41
37            android:configChanges="orientation|keyboardHidden|keyboard|screenSize|smallestScreenSize|locale|layoutDirection|fontScale|screenLayout|density|uiMode"
37-->src\main\AndroidManifest.xml:13:13-163
38            android:exported="true"
38-->src\main\AndroidManifest.xml:10:13-36
39            android:hardwareAccelerated="true"
39-->src\main\AndroidManifest.xml:14:13-47
40            android:launchMode="singleTop"
40-->src\main\AndroidManifest.xml:11:13-43
41            android:theme="@style/LaunchTheme"
41-->src\main\AndroidManifest.xml:12:13-47
42            android:windowSoftInputMode="adjustResize" >
42-->src\main\AndroidManifest.xml:15:13-55
43
44            <!--
45                 Specifies an Android theme to apply to this Activity as soon as
46                 the Android process has started. This theme is visible to the user
47                 while the Flutter UI initializes. After that, this theme continues
48                 to determine the Window background behind the Flutter UI.
49            -->
50            <meta-data
50-->src\main\AndroidManifest.xml:21:13-24:17
51                android:name="io.flutter.embedding.android.NormalTheme"
51-->src\main\AndroidManifest.xml:22:15-70
52                android:resource="@style/NormalTheme" />
52-->src\main\AndroidManifest.xml:23:15-52
53
54            <intent-filter>
54-->src\main\AndroidManifest.xml:25:13-28:29
55                <action android:name="android.intent.action.MAIN" />
55-->src\main\AndroidManifest.xml:26:17-68
55-->src\main\AndroidManifest.xml:26:25-66
56
57                <category android:name="android.intent.category.LAUNCHER" />
57-->src\main\AndroidManifest.xml:27:17-76
57-->src\main\AndroidManifest.xml:27:27-74
58            </intent-filter>
59        </activity>
60        <!--
61             Don't delete the meta-data below.
62             This is used by the Flutter tool to generate GeneratedPluginRegistrant.java
63        -->
64        <meta-data
64-->src\main\AndroidManifest.xml:32:9-34:33
65            android:name="flutterEmbedding"
65-->src\main\AndroidManifest.xml:33:13-44
66            android:value="2" />
66-->src\main\AndroidManifest.xml:34:13-30
67
68        <service
68-->[:firebase_auth] AndroidManifest.xml:10:9-14:19
69            android:name="com.google.firebase.components.ComponentDiscoveryService"
69-->[:firebase_auth] AndroidManifest.xml:10:18-89
70            android:directBootAware="true"
70-->[com.google.firebase:firebase-common:20.3.3] AndroidManifest.xml:34:13-43
71            android:exported="false" >
71-->[com.google.firebase:firebase-auth:22.1.0] AndroidManifest.xml:68:13-37
72            <meta-data
72-->[:firebase_auth] AndroidManifest.xml:11:13-13:85
73                android:name="com.google.firebase.components:io.flutter.plugins.firebase.auth.FlutterFirebaseAuthRegistrar"
73-->[:firebase_auth] AndroidManifest.xml:12:17-124
74                android:value="com.google.firebase.components.ComponentRegistrar" />
74-->[:firebase_auth] AndroidManifest.xml:13:17-82
75            <meta-data
75-->[:firebase_storage] AndroidManifest.xml:11:13-13:85
76                android:name="com.google.firebase.components:io.flutter.plugins.firebase.storage.FlutterFirebaseAppRegistrar"
76-->[:firebase_storage] AndroidManifest.xml:12:17-126
77                android:value="com.google.firebase.components.ComponentRegistrar" />
77-->[:firebase_storage] AndroidManifest.xml:13:17-82
78            <meta-data
78-->[:cloud_firestore] AndroidManifest.xml:11:13-13:85
79                android:name="com.google.firebase.components:io.flutter.plugins.firebase.firestore.FlutterFirebaseFirestoreRegistrar"
79-->[:cloud_firestore] AndroidManifest.xml:12:17-134
80                android:value="com.google.firebase.components.ComponentRegistrar" />
80-->[:cloud_firestore] AndroidManifest.xml:13:17-82
81            <meta-data
81-->[:firebase_core] AndroidManifest.xml:11:13-13:85
82                android:name="com.google.firebase.components:io.flutter.plugins.firebase.core.FlutterFirebaseCoreRegistrar"
82-->[:firebase_core] AndroidManifest.xml:12:17-124
83                android:value="com.google.firebase.components.ComponentRegistrar" />
83-->[:firebase_core] AndroidManifest.xml:13:17-82
84            <meta-data
84-->[com.google.firebase:firebase-auth:22.1.0] AndroidManifest.xml:69:13-71:85
85                android:name="com.google.firebase.components:com.google.firebase.auth.FirebaseAuthRegistrar"
85-->[com.google.firebase:firebase-auth:22.1.0] AndroidManifest.xml:70:17-109
86                android:value="com.google.firebase.components.ComponentRegistrar" />
86-->[com.google.firebase:firebase-auth:22.1.0] AndroidManifest.xml:71:17-82
87            <meta-data
87-->[com.google.firebase:firebase-storage:20.2.1] AndroidManifest.xml:32:13-34:85
88                android:name="com.google.firebase.components:com.google.firebase.storage.StorageRegistrar"
88-->[com.google.firebase:firebase-storage:20.2.1] AndroidManifest.xml:33:17-107
89                android:value="com.google.firebase.components.ComponentRegistrar" />
89-->[com.google.firebase:firebase-storage:20.2.1] AndroidManifest.xml:34:17-82
90            <meta-data
90-->[com.google.firebase:firebase-firestore:24.7.0] AndroidManifest.xml:19:13-21:85
91                android:name="com.google.firebase.components:com.google.firebase.firestore.FirestoreRegistrar"
91-->[com.google.firebase:firebase-firestore:24.7.0] AndroidManifest.xml:20:17-111
92                android:value="com.google.firebase.components.ComponentRegistrar" />
92-->[com.google.firebase:firebase-firestore:24.7.0] AndroidManifest.xml:21:17-82
93        </service>
94
95        <provider
95-->[:image_picker_android] AndroidManifest.xml:10:9-18:20
96            android:name="io.flutter.plugins.imagepicker.ImagePickerFileProvider"
96-->[:image_picker_android] AndroidManifest.xml:11:13-82
97            android:authorities="com.gbsyam.swathyavardhak.flutter.image_provider"
97-->[:image_picker_android] AndroidManifest.xml:12:13-74
98            android:exported="false"
98-->[:image_picker_android] AndroidManifest.xml:13:13-37
99            android:grantUriPermissions="true" >
99-->[:image_picker_android] AndroidManifest.xml:14:13-47
100            <meta-data
100-->[:image_picker_android] AndroidManifest.xml:15:13-17:75
101                android:name="android.support.FILE_PROVIDER_PATHS"
101-->[:image_picker_android] AndroidManifest.xml:16:17-67
102                android:resource="@xml/flutter_image_picker_file_paths" />
102-->[:image_picker_android] AndroidManifest.xml:17:17-72
103        </provider>
104
105        <activity
105-->[com.google.firebase:firebase-auth:22.1.0] AndroidManifest.xml:29:9-46:20
106            android:name="com.google.firebase.auth.internal.GenericIdpActivity"
106-->[com.google.firebase:firebase-auth:22.1.0] AndroidManifest.xml:30:13-80
107            android:excludeFromRecents="true"
107-->[com.google.firebase:firebase-auth:22.1.0] AndroidManifest.xml:31:13-46
108            android:exported="true"
108-->[com.google.firebase:firebase-auth:22.1.0] AndroidManifest.xml:32:13-36
109            android:launchMode="singleTask"
109-->[com.google.firebase:firebase-auth:22.1.0] AndroidManifest.xml:33:13-44
110            android:theme="@android:style/Theme.Translucent.NoTitleBar" >
110-->[com.google.firebase:firebase-auth:22.1.0] AndroidManifest.xml:34:13-72
111            <intent-filter>
111-->[com.google.firebase:firebase-auth:22.1.0] AndroidManifest.xml:35:13-45:29
112                <action android:name="android.intent.action.VIEW" />
112-->[com.google.firebase:firebase-auth:22.1.0] AndroidManifest.xml:36:17-69
112-->[com.google.firebase:firebase-auth:22.1.0] AndroidManifest.xml:36:25-66
113
114                <category android:name="android.intent.category.DEFAULT" />
114-->[com.google.firebase:firebase-auth:22.1.0] AndroidManifest.xml:38:17-76
114-->[com.google.firebase:firebase-auth:22.1.0] AndroidManifest.xml:38:27-73
115                <category android:name="android.intent.category.BROWSABLE" />
115-->[com.google.firebase:firebase-auth:22.1.0] AndroidManifest.xml:39:17-78
115-->[com.google.firebase:firebase-auth:22.1.0] AndroidManifest.xml:39:27-75
116
117                <data
117-->[:file_picker] AndroidManifest.xml:15:13-44
118                    android:host="firebase.auth"
119                    android:path="/"
120                    android:scheme="genericidp" />
121            </intent-filter>
122        </activity>
123        <activity
123-->[com.google.firebase:firebase-auth:22.1.0] AndroidManifest.xml:47:9-64:20
124            android:name="com.google.firebase.auth.internal.RecaptchaActivity"
124-->[com.google.firebase:firebase-auth:22.1.0] AndroidManifest.xml:48:13-79
125            android:excludeFromRecents="true"
125-->[com.google.firebase:firebase-auth:22.1.0] AndroidManifest.xml:49:13-46
126            android:exported="true"
126-->[com.google.firebase:firebase-auth:22.1.0] AndroidManifest.xml:50:13-36
127            android:launchMode="singleTask"
127-->[com.google.firebase:firebase-auth:22.1.0] AndroidManifest.xml:51:13-44
128            android:theme="@android:style/Theme.Translucent.NoTitleBar" >
128-->[com.google.firebase:firebase-auth:22.1.0] AndroidManifest.xml:52:13-72
129            <intent-filter>
129-->[com.google.firebase:firebase-auth:22.1.0] AndroidManifest.xml:53:13-63:29
130                <action android:name="android.intent.action.VIEW" />
130-->[com.google.firebase:firebase-auth:22.1.0] AndroidManifest.xml:36:17-69
130-->[com.google.firebase:firebase-auth:22.1.0] AndroidManifest.xml:36:25-66
131
132                <category android:name="android.intent.category.DEFAULT" />
132-->[com.google.firebase:firebase-auth:22.1.0] AndroidManifest.xml:38:17-76
132-->[com.google.firebase:firebase-auth:22.1.0] AndroidManifest.xml:38:27-73
133                <category android:name="android.intent.category.BROWSABLE" />
133-->[com.google.firebase:firebase-auth:22.1.0] AndroidManifest.xml:39:17-78
133-->[com.google.firebase:firebase-auth:22.1.0] AndroidManifest.xml:39:27-75
134
135                <data
135-->[:file_picker] AndroidManifest.xml:15:13-44
136                    android:host="firebase.auth"
137                    android:path="/"
138                    android:scheme="recaptcha" />
139            </intent-filter>
140        </activity>
141        <activity
141-->[com.google.android.gms:play-services-auth:20.6.0] AndroidManifest.xml:23:9-27:75
142            android:name="com.google.android.gms.auth.api.signin.internal.SignInHubActivity"
142-->[com.google.android.gms:play-services-auth:20.6.0] AndroidManifest.xml:24:13-93
143            android:excludeFromRecents="true"
143-->[com.google.android.gms:play-services-auth:20.6.0] AndroidManifest.xml:25:13-46
144            android:exported="false"
144-->[com.google.android.gms:play-services-auth:20.6.0] AndroidManifest.xml:26:13-37
145            android:theme="@android:style/Theme.Translucent.NoTitleBar" />
145-->[com.google.android.gms:play-services-auth:20.6.0] AndroidManifest.xml:27:13-72
146        <!--
147            Service handling Google Sign-In user revocation. For apps that do not integrate with
148            Google Sign-In, this service will never be started.
149        -->
150        <service
150-->[com.google.android.gms:play-services-auth:20.6.0] AndroidManifest.xml:33:9-37:51
151            android:name="com.google.android.gms.auth.api.signin.RevocationBoundService"
151-->[com.google.android.gms:play-services-auth:20.6.0] AndroidManifest.xml:34:13-89
152            android:exported="true"
152-->[com.google.android.gms:play-services-auth:20.6.0] AndroidManifest.xml:35:13-36
153            android:permission="com.google.android.gms.auth.api.signin.permission.REVOCATION_NOTIFICATION"
153-->[com.google.android.gms:play-services-auth:20.6.0] AndroidManifest.xml:36:13-107
154            android:visibleToInstantApps="true" />
154-->[com.google.android.gms:play-services-auth:20.6.0] AndroidManifest.xml:37:13-48
155
156        <activity
156-->[com.google.android.gms:play-services-base:18.0.1] AndroidManifest.xml:20:9-22:45
157            android:name="com.google.android.gms.common.api.GoogleApiActivity"
157-->[com.google.android.gms:play-services-base:18.0.1] AndroidManifest.xml:20:19-85
158            android:exported="false"
158-->[com.google.android.gms:play-services-base:18.0.1] AndroidManifest.xml:22:19-43
159            android:theme="@android:style/Theme.Translucent.NoTitleBar" />
159-->[com.google.android.gms:play-services-base:18.0.1] AndroidManifest.xml:21:19-78
160
161        <provider
161-->[com.google.firebase:firebase-common:20.3.3] AndroidManifest.xml:25:9-30:39
162            android:name="com.google.firebase.provider.FirebaseInitProvider"
162-->[com.google.firebase:firebase-common:20.3.3] AndroidManifest.xml:26:13-77
163            android:authorities="com.gbsyam.swathyavardhak.firebaseinitprovider"
163-->[com.google.firebase:firebase-common:20.3.3] AndroidManifest.xml:27:13-72
164            android:directBootAware="true"
164-->[com.google.firebase:firebase-common:20.3.3] AndroidManifest.xml:28:13-43
165            android:exported="false"
165-->[com.google.firebase:firebase-common:20.3.3] AndroidManifest.xml:29:13-37
166            android:initOrder="100" />
166-->[com.google.firebase:firebase-common:20.3.3] AndroidManifest.xml:30:13-36
167
168        <meta-data
168-->[com.google.android.gms:play-services-basement:18.2.0] AndroidManifest.xml:21:9-23:69
169            android:name="com.google.android.gms.version"
169-->[com.google.android.gms:play-services-basement:18.2.0] AndroidManifest.xml:22:13-58
170            android:value="@integer/google_play_services_version" />
170-->[com.google.android.gms:play-services-basement:18.2.0] AndroidManifest.xml:23:13-66
171
172        <uses-library
172-->[androidx.window:window:1.0.0-beta04] AndroidManifest.xml:25:9-27:40
173            android:name="androidx.window.extensions"
173-->[androidx.window:window:1.0.0-beta04] AndroidManifest.xml:26:13-54
174            android:required="false" />
174-->[androidx.window:window:1.0.0-beta04] AndroidManifest.xml:27:13-37
175        <uses-library
175-->[androidx.window:window:1.0.0-beta04] AndroidManifest.xml:28:9-30:40
176            android:name="androidx.window.sidecar"
176-->[androidx.window:window:1.0.0-beta04] AndroidManifest.xml:29:13-51
177            android:required="false" />
177-->[androidx.window:window:1.0.0-beta04] AndroidManifest.xml:30:13-37
178
179        <provider
179-->[androidx.profileinstaller:profileinstaller:1.3.0] AndroidManifest.xml:24:9-32:20
180            android:name="androidx.startup.InitializationProvider"
180-->[androidx.profileinstaller:profileinstaller:1.3.0] AndroidManifest.xml:25:13-67
181            android:authorities="com.gbsyam.swathyavardhak.androidx-startup"
181-->[androidx.profileinstaller:profileinstaller:1.3.0] AndroidManifest.xml:26:13-68
182            android:exported="false" >
182-->[androidx.profileinstaller:profileinstaller:1.3.0] AndroidManifest.xml:27:13-37
183            <meta-data
183-->[androidx.profileinstaller:profileinstaller:1.3.0] AndroidManifest.xml:29:13-31:52
184                android:name="androidx.profileinstaller.ProfileInstallerInitializer"
184-->[androidx.profileinstaller:profileinstaller:1.3.0] AndroidManifest.xml:30:17-85
185                android:value="androidx.startup" />
185-->[androidx.profileinstaller:profileinstaller:1.3.0] AndroidManifest.xml:31:17-49
186        </provider>
187
188        <receiver
188-->[androidx.profileinstaller:profileinstaller:1.3.0] AndroidManifest.xml:34:9-52:20
189            android:name="androidx.profileinstaller.ProfileInstallReceiver"
189-->[androidx.profileinstaller:profileinstaller:1.3.0] AndroidManifest.xml:35:13-76
190            android:directBootAware="false"
190-->[androidx.profileinstaller:profileinstaller:1.3.0] AndroidManifest.xml:36:13-44
191            android:enabled="true"
191-->[androidx.profileinstaller:profileinstaller:1.3.0] AndroidManifest.xml:37:13-35
192            android:exported="true"
192-->[androidx.profileinstaller:profileinstaller:1.3.0] AndroidManifest.xml:38:13-36
193            android:permission="android.permission.DUMP" >
193-->[androidx.profileinstaller:profileinstaller:1.3.0] AndroidManifest.xml:39:13-57
194            <intent-filter>
194-->[androidx.profileinstaller:profileinstaller:1.3.0] AndroidManifest.xml:40:13-42:29
195                <action android:name="androidx.profileinstaller.action.INSTALL_PROFILE" />
195-->[androidx.profileinstaller:profileinstaller:1.3.0] AndroidManifest.xml:41:17-91
195-->[androidx.profileinstaller:profileinstaller:1.3.0] AndroidManifest.xml:41:25-88
196            </intent-filter>
197            <intent-filter>
197-->[androidx.profileinstaller:profileinstaller:1.3.0] AndroidManifest.xml:43:13-45:29
198                <action android:name="androidx.profileinstaller.action.SKIP_FILE" />
198-->[androidx.profileinstaller:profileinstaller:1.3.0] AndroidManifest.xml:44:17-85
198-->[androidx.profileinstaller:profileinstaller:1.3.0] AndroidManifest.xml:44:25-82
199            </intent-filter>
200            <intent-filter>
200-->[androidx.profileinstaller:profileinstaller:1.3.0] AndroidManifest.xml:46:13-48:29
201                <action android:name="androidx.profileinstaller.action.SAVE_PROFILE" />
201-->[androidx.profileinstaller:profileinstaller:1.3.0] AndroidManifest.xml:47:17-88
201-->[androidx.profileinstaller:profileinstaller:1.3.0] AndroidManifest.xml:47:25-85
202            </intent-filter>
203            <intent-filter>
203-->[androidx.profileinstaller:profileinstaller:1.3.0] AndroidManifest.xml:49:13-51:29
204                <action android:name="androidx.profileinstaller.action.BENCHMARK_OPERATION" />
204-->[androidx.profileinstaller:profileinstaller:1.3.0] AndroidManifest.xml:50:17-95
204-->[androidx.profileinstaller:profileinstaller:1.3.0] AndroidManifest.xml:50:25-92
205            </intent-filter>
206        </receiver>
207    </application>
208
209</manifest>